<?xml version="1.0" encoding="UTF-8"?>
<!-- Generated by org.testng.reporters.JUnitReportReporter -->
<testsuite skipped="0" hostname="DESKTOP-BGV4ULO" name="com.inetbanking.testcases.TC_LoginTest_001" tests="1" failures="0" timestamp="8 Sep 2021 14:50:15 GMT" time="4.097" errors="0">
  <testcase name="logintest" time="4.097" classname="com.inetbanking.testcases.TC_LoginTest_001"/>
</testsuite> <!-- com.inetbanking.testcases.TC_LoginTest_001 -->
